{"name": "test_sub_float", "status": "failed", "statusDetails": {"message": "AssertionError: assert 5.779999999999999 == 5.78\n  +5.779999999999999\n  -5.78", "trace": "self = <test_function.Test_function_demo object at 0x00000232C1253A08>\n\n    def test_sub_float(self):\n        try:\n            assert (function_demo.sub(10.79, 5.01) == 5.78)\n        except AssertionError as e:\n>           raise e\n\ntest_function.py:41: \n_ _ _ _ _ _ _ _ _ _ _ _ _ _ _ _ _ _ _ _ _ _ _ _ _ _ _ _ _ _ _ _ _ _ _ _ _ _ _ _ _ _ _ _ _ _ _ _ _ _ _ _ _ _ _ _ _ _ _ _ _ _ _ _ _ _ _ _ _ _ _ _ _ _ _ _ _ _ _ _ _ _ _ _ _ _ _ _ _ _ _ _ _ _\n\nself = <test_function.Test_function_demo object at 0x00000232C1253A08>\n\n    def test_sub_float(self):\n        try:\n>           assert (function_demo.sub(10.79, 5.01) == 5.78)\nE           assert 5.779999999999999 == 5.78\nE             +5.779999999999999\nE             -5.78\n\ntest_function.py:39: AssertionError"}, "start": 1588051809685, "stop": 1588051809685, "uuid": "75268243-d694-4622-8d81-9a622d4e1639", "historyId": "5617f6a4094e4c9fe787427fa304b146", "testCaseId": "ef681e82407ac9bb54af4c8bc9e3d9a8", "fullName": "test_function.Test_function_demo#test_sub_float", "labels": [{"name": "suite", "value": "test_function"}, {"name": "subSuite", "value": "Test_function_demo"}, {"name": "host", "value": "PC-BFD8TY2"}, {"name": "thread", "value": "1676-MainThread"}, {"name": "framework", "value": "pytest"}, {"name": "language", "value": "cpython3"}, {"name": "package", "value": "test_function"}]}